# JRE version: OpenJDK Runtime Environment (8.0_242-b01) (build 1.8.0_242-release-1644-b01)
# Java VM: OpenJDK 64-Bit Server VM (25.242-b01 mixed mode windows-amd64 compressed oops)
Heap:
 PSYoungGen      total 271360K, used 50058K [0x00000000e0000000, 0x00000000f6c00000, 0x0000000100000000)
  eden space 198144K, 18% used [0x00000000e0000000,0x00000000e23d1368,0x00000000ec180000)
  from space 73216K, 18% used [0x00000000ec180000,0x00000000ece91748,0x00000000f0900000)
  to   space 71680K, 0% used [0x00000000f2600000,0x00000000f2600000,0x00000000f6c00000)
 ParOldGen       total 243200K, used 93543K [0x00000000a0000000, 0x00000000aed80000, 0x00000000e0000000)
  object space 243200K, 38% used [0x00000000a0000000,0x00000000a5b59d70,0x00000000aed80000)
 Metaspace       used 102644K, capacity 107997K, committed 108328K, reserved 1142784K
  class space    used 13460K, capacity 14563K, committed 14640K, reserved 1048576K
GC Heap History (10 events):
Event: 1449.836 GC heap before
{Heap before GC invocations=35 (full 3):
 PSYoungGen      total 221696K, used 97896K [0x00000000e0000000, 0x00000000f3a00000, 0x0000000100000000)
  eden space 140800K, 43% used [0x00000000e0000000,0x00000000e3b3de78,0x00000000e8980000)
  from space 80896K, 46% used [0x00000000e8980000,0x00000000eaddc378,0x00000000ed880000)
  to   space 77312K, 0% used [0x00000000eee80000,0x00000000eee80000,0x00000000f3a00000)
 ParOldGen       total 154624K, used 97974K [0x00000000a0000000, 0x00000000a9700000, 0x00000000e0000000)
  object space 154624K, 63% used [0x00000000a0000000,0x00000000a5fad970,0x00000000a9700000)
 Metaspace       used 93990K, capacity 98517K, committed 98600K, reserved 1134592K
  class space    used 12272K, capacity 13232K, committed 13232K, reserved 1048576K
Event: 1449.926 GC heap after
Heap after GC invocations=35 (full 3):
 PSYoungGen      total 243200K, used 33057K [0x00000000e0000000, 0x00000000f3600000, 0x0000000100000000)
  eden space 169984K, 0% used [0x00000000e0000000,0x00000000e0000000,0x00000000ea600000)
  from space 73216K, 45% used [0x00000000eee80000,0x00000000f0ec8638,0x00000000f3600000)
  to   space 73728K, 0% used [0x00000000ea600000,0x00000000ea600000,0x00000000eee00000)
 ParOldGen       total 154624K, used 102150K [0x00000000a0000000, 0x00000000a9700000, 0x00000000e0000000)
  object space 154624K, 66% used [0x00000000a0000000,0x00000000a63c18b8,0x00000000a9700000)
 Metaspace       used 93990K, capacity 98517K, committed 98600K, reserved 1134592K
  class space    used 12272K, capacity 13232K, committed 13232K, reserved 1048576K
}
Event: 1449.926 GC heap before
{Heap before GC invocations=36 (full 4):
 PSYoungGen      total 243200K, used 33057K [0x00000000e0000000, 0x00000000f3600000, 0x0000000100000000)
  eden space 169984K, 0% used [0x00000000e0000000,0x00000000e0000000,0x00000000ea600000)
  from space 73216K, 45% used [0x00000000eee80000,0x00000000f0ec8638,0x00000000f3600000)
  to   space 73728K, 0% used [0x00000000ea600000,0x00000000ea600000,0x00000000eee00000)
 ParOldGen       total 154624K, used 102150K [0x00000000a0000000, 0x00000000a9700000, 0x00000000e0000000)
  object space 154624K, 66% used [0x00000000a0000000,0x00000000a63c18b8,0x00000000a9700000)
 Metaspace       used 93990K, capacity 98517K, committed 98600K, reserved 1134592K
  class space    used 12272K, capacity 13232K, committed 13232K, reserved 1048576K
Event: 1450.768 GC heap after
Heap after GC invocations=36 (full 4):
 PSYoungGen      total 243200K, used 0K [0x00000000e0000000, 0x00000000f3600000, 0x0000000100000000)
  eden space 169984K, 0% used [0x00000000e0000000,0x00000000e0000000,0x00000000ea600000)
  from space 73216K, 0% used [0x00000000eee80000,0x00000000eee80000,0x00000000f3600000)
  to   space 73728K, 0% used [0x00000000ea600000,0x00000000ea600000,0x00000000eee00000)
 ParOldGen       total 243200K, used 93519K [0x00000000a0000000, 0x00000000aed80000, 0x00000000e0000000)
  object space 243200K, 38% used [0x00000000a0000000,0x00000000a5b53d70,0x00000000aed80000)
 Metaspace       used 93666K, capacity 97999K, committed 98600K, reserved 1134592K
  class space    used 12227K, capacity 13153K, committed 13232K, reserved 1048576K
}
Event: 1454.161 GC heap before
{Heap before GC invocations=37 (full 4):
 PSYoungGen      total 243200K, used 169984K [0x00000000e0000000, 0x00000000f3600000, 0x0000000100000000)
  eden space 169984K, 100% used [0x00000000e0000000,0x00000000ea600000,0x00000000ea600000)
  from space 73216K, 0% used [0x00000000eee80000,0x00000000eee80000,0x00000000f3600000)
  to   space 73728K, 0% used [0x00000000ea600000,0x00000000ea600000,0x00000000eee00000)
 ParOldGen       total 243200K, used 93519K [0x00000000a0000000, 0x00000000aed80000, 0x00000000e0000000)
  object space 243200K, 38% used [0x00000000a0000000,0x00000000a5b53d70,0x00000000aed80000)
 Metaspace       used 95628K, capacity 100089K, committed 100264K, reserved 1136640K
  class space    used 12506K, capacity 13459K, committed 13488K, reserved 1048576K
Event: 1454.186 GC heap after
Heap after GC invocations=37 (full 4):
 PSYoungGen      total 243712K, used 10359K [0x00000000e0000000, 0x00000000f5300000, 0x0000000100000000)
  eden space 169984K, 0% used [0x00000000e0000000,0x00000000e0000000,0x00000000ea600000)
  from space 73728K, 14% used [0x00000000ea600000,0x00000000eb01ddc8,0x00000000eee00000)
  to   space 73728K, 0% used [0x00000000f0b00000,0x00000000f0b00000,0x00000000f5300000)
 ParOldGen       total 243200K, used 93527K [0x00000000a0000000, 0x00000000aed80000, 0x00000000e0000000)
  object space 243200K, 38% used [0x00000000a0000000,0x00000000a5b55d70,0x00000000aed80000)
 Metaspace       used 95628K, capacity 100089K, committed 100264K, reserved 1136640K
  class space    used 12506K, capacity 13459K, committed 13488K, reserved 1048576K
}
Event: 1458.558 GC heap before
{Heap before GC invocations=38 (full 4):
 PSYoungGen      total 243712K, used 180343K [0x00000000e0000000, 0x00000000f5300000, 0x0000000100000000)
  eden space 169984K, 100% used [0x00000000e0000000,0x00000000ea600000,0x00000000ea600000)
  from space 73728K, 14% used [0x00000000ea600000,0x00000000eb01ddc8,0x00000000eee00000)
  to   space 73728K, 0% used [0x00000000f0b00000,0x00000000f0b00000,0x00000000f5300000)
 ParOldGen       total 243200K, used 93527K [0x00000000a0000000, 0x00000000aed80000, 0x00000000e0000000)
  object space 243200K, 38% used [0x00000000a0000000,0x00000000a5b55d70,0x00000000aed80000)
 Metaspace       used 99090K, capacity 103883K, committed 104104K, reserved 1138688K
  class space    used 12938K, capacity 13944K, committed 14000K, reserved 1048576K
Event: 1458.609 GC heap after
Heap after GC invocations=38 (full 4):
 PSYoungGen      total 269312K, used 10132K [0x00000000e0000000, 0x00000000f5080000, 0x0000000100000000)
  eden space 198144K, 0% used [0x00000000e0000000,0x00000000e0000000,0x00000000ec180000)
  from space 71168K, 14% used [0x00000000f0b00000,0x00000000f14e50f8,0x00000000f5080000)
  to   space 73216K, 0% used [0x00000000ec180000,0x00000000ec180000,0x00000000f0900000)
 ParOldGen       total 243200K, used 93535K [0x00000000a0000000, 0x00000000aed80000, 0x00000000e0000000)
  object space 243200K, 38% used [0x00000000a0000000,0x00000000a5b57d70,0x00000000aed80000)
 Metaspace       used 99090K, capacity 103883K, committed 104104K, reserved 1138688K
  class space    used 12938K, capacity 13944K, committed 14000K, reserved 1048576K
}
Event: 3015.377 GC heap before
{Heap before GC invocations=39 (full 4):
 PSYoungGen      total 269312K, used 208276K [0x00000000e0000000, 0x00000000f5080000, 0x0000000100000000)
  eden space 198144K, 100% used [0x00000000e0000000,0x00000000ec180000,0x00000000ec180000)
  from space 71168K, 14% used [0x00000000f0b00000,0x00000000f14e50f8,0x00000000f5080000)
  to   space 73216K, 0% used [0x00000000ec180000,0x00000000ec180000,0x00000000f0900000)
 ParOldGen       total 243200K, used 93535K [0x00000000a0000000, 0x00000000aed80000, 0x00000000e0000000)
  object space 243200K, 38% used [0x00000000a0000000,0x00000000a5b57d70,0x00000000aed80000)
 Metaspace       used 102563K, capacity 107877K, committed 108072K, reserved 1142784K
  class space    used 13449K, capacity 14543K, committed 14640K, reserved 1048576K
Event: 3033.211 GC heap after
Heap after GC invocations=39 (full 4):
 PSYoungGen      total 271360K, used 13381K [0x00000000e0000000, 0x00000000f6c00000, 0x0000000100000000)
  eden space 198144K, 0% used [0x00000000e0000000,0x00000000e0000000,0x00000000ec180000)
  from space 73216K, 18% used [0x00000000ec180000,0x00000000ece91748,0x00000000f0900000)
  to   space 71680K, 0% used [0x00000000f2600000,0x00000000f2600000,0x00000000f6c00000)
 ParOldGen       total 243200K, used 93543K [0x00000000a0000000, 0x00000000aed80000, 0x00000000e0000000)
  object space 243200K, 38% used [0x00000000a0000000,0x00000000a5b59d70,0x00000000aed80000)
 Metaspace       used 102563K, capacity 107877K, committed 108072K, reserved 1142784K
  class space    used 13449K, capacity 14543K, committed 14640K, reserved 1048576K
}

